<?xml version="1.0" encoding="UTF-8"?>
<!-- Generated by org.testng.reporters.JUnitXMLReporter -->
<testsuite ignored="0" hostname="DESKTOP-OIGE0TE" failures="1" tests="12" name="testcase1" time="56.549" errors="0" timestamp="2019-12-25T21:11:28 IST">
  <testcase classname="Test.HomePageTest" name="navigate_to_homePage" time="24.154"/>
  <testcase classname="Test.HomePageTest" name="validate_homePage" time="0.112"/>
  <testcase classname="Test.HomePageTest" name="navigate_to_resultPage" time="2.795"/>
  <testcase classname="Test.ResultPageTest" name="enteringInputInSearch" time="1.395"/>
  <testcase classname="Test.ResultPageTest" name="navigate_to_reviewPage" time="0.015"/>
  <testcase classname="Test.ResultPageTest" name="move_on_reviewLink" time="8.055"/>
  <testcase classname="Test.ResultPageTest" name="click_on_reviewLink" time="0.514"/>
  <testcase classname="Test.ResultPageTest" name="navigate_to_submit_review" time="1.863"/>
  <testcase classname="Test.ReviewSubmitTest" name="review" time="3.431"/>
  <testcase classname="Test.ReviewSubmitTest" name="move_to_hotelRatings" time="0.035"/>
  <testcase classname="Test.ReviewSubmitTest" name="ratings_for_hotel_ratings" time="6.491">
    <failure type="org.openqa.selenium.JavascriptException" message="javascript error: Failed to execute &amp;apos;elementsFromPoint&amp;apos; on &amp;apos;Document&amp;apos;: The provided double value is non-finite.
  (Session info: chrome=79.0.3945.88)
Build info: version: &amp;apos;3.141.59&amp;apos;, revision: &amp;apos;e82be7d358&amp;apos;, time: &amp;apos;2018-11-14T08:17:03&amp;apos;
System info: host: &amp;apos;DESKTOP-OIGE0TE&amp;apos;, ip: &amp;apos;192.168.0.118&amp;apos;, os.name: &amp;apos;Windows 10&amp;apos;, os.arch: &amp;apos;amd64&amp;apos;, os.version: &amp;apos;10.0&amp;apos;, java.version: &amp;apos;11.0.4&amp;apos;
Driver info: org.openqa.selenium.chrome.ChromeDriver
Capabilities {acceptInsecureCerts: false, browserName: chrome, browserVersion: 79.0.3945.88, chrome: {chromedriverVersion: 79.0.3945.36 (3582db32b3389..., userDataDir: C:\Users\admin\AppData\Loca...}, goog:chromeOptions: {debuggerAddress: localhost:59144}, javascriptEnabled: true, networkConnectionEnabled: false, pageLoadStrategy: normal, platform: WINDOWS, platformName: WINDOWS, proxy: Proxy(), setWindowRect: true, strictFileInteractability: false, timeouts: {implicit: 0, pageLoad: 300000, script: 30000}, unhandledPromptBehavior: dismiss and notify}
Session ID: 8693b8da4fd69974297a494f461831ff">
      <![CDATA[org.openqa.selenium.JavascriptException: javascript error: Failed to execute 'elementsFromPoint' on 'Document': The provided double value is non-finite.
  (Session info: chrome=79.0.3945.88)
Build info: version: '3.141.59', revision: 'e82be7d358', time: '2018-11-14T08:17:03'
System info: host: 'DESKTOP-OIGE0TE', ip: '192.168.0.118', os.name: 'Windows 10', os.arch: 'amd64', os.version: '10.0', java.version: '11.0.4'
Driver info: org.openqa.selenium.chrome.ChromeDriver
Capabilities {acceptInsecureCerts: false, browserName: chrome, browserVersion: 79.0.3945.88, chrome: {chromedriverVersion: 79.0.3945.36 (3582db32b3389..., userDataDir: C:\Users\admin\AppData\Loca...}, goog:chromeOptions: {debuggerAddress: localhost:59144}, javascriptEnabled: true, networkConnectionEnabled: false, pageLoadStrategy: normal, platform: WINDOWS, platformName: WINDOWS, proxy: Proxy(), setWindowRect: true, strictFileInteractability: false, timeouts: {implicit: 0, pageLoad: 300000, script: 30000}, unhandledPromptBehavior: dismiss and notify}
Session ID: 8693b8da4fd69974297a494f461831ff
at org.openqa.selenium.remote.http.W3CHttpResponseCodec.createException(W3CHttpResponseCodec.java:187)
at org.openqa.selenium.remote.http.W3CHttpResponseCodec.decode(W3CHttpResponseCodec.java:122)
at org.openqa.selenium.remote.http.W3CHttpResponseCodec.decode(W3CHttpResponseCodec.java:49)
at org.openqa.selenium.remote.HttpCommandExecutor.execute(HttpCommandExecutor.java:158)
at org.openqa.selenium.remote.service.DriverCommandExecutor.execute(DriverCommandExecutor.java:83)
at org.openqa.selenium.remote.RemoteWebDriver.execute(RemoteWebDriver.java:552)
at org.openqa.selenium.remote.RemoteWebDriver.perform(RemoteWebDriver.java:618)
at org.openqa.selenium.interactions.Actions$BuiltAction.perform(Actions.java:639)
at framework.EventMethods.move_to_element_with_offset(EventMethods.java:19)
at pages.ReviewSubmitPage.ratings_to_hotel(ReviewSubmitPage.java:34)
at Test.ReviewSubmitTest.ratings_for_hotel_ratings(ReviewSubmitTest.java:19)
at java.base/java.util.ArrayList.forEach(ArrayList.java:1540)
... Removed 31 stack frames]]>
    </failure>
  </testcase> <!-- ratings_for_hotel_ratings -->
  <testcase classname="Test.ReviewSubmitTest" name="move_to_submitButton" time="0.042"/>
</testsuite> <!-- testcase1 -->
